Using pre-set license
Built from '2020.3/staging' branch; Version is '2020.3.6f1 (338bb68529b2) revision 3378102'; Using compiler version '192528614'; Build Type 'Release'
OS: 'Windows 10 Home; OS build 19042.985; Version 2009; 64bit' Language: 'en' Physical Memory: 8159 MB
BatchMode: 1, IsHumanControllingUs: 0, StartBugReporterOnCrash: 0, Is64bit: 1, IsPro: 0

 COMMAND LINE ARGUMENTS:
C:\Program Files\Unity\Hub\Editor\2020.3.6f1\Editor\Unity.exe
-adb2
-batchMode
-noUpm
-name
AssetImportWorker0
-projectPath
C:/Users/eyssa/Downloads/Fly-or-Fall-master/Fly-or-Fall-master
-logFile
Logs/AssetImportWorker0.log
-srvPort
59180
Successfully changed project path to: C:/Users/eyssa/Downloads/Fly-or-Fall-master/Fly-or-Fall-master
C:/Users/eyssa/Downloads/Fly-or-Fall-master/Fly-or-Fall-master
Using Asset Import Pipeline V2.
Refreshing native plugins compatible for Editor in 54.55 ms, found 1 plugins.
Preloading 0 native plugins for Editor in 0.00 ms.
Initialize engine version: 2020.3.6f1 (338bb68529b2)
[Subsystems] Discovering subsystems at path C:/Program Files/Unity/Hub/Editor/2020.3.6f1/Editor/Data/Resources/UnitySubsystems
[Subsystems] Discovering subsystems at path C:/Users/eyssa/Downloads/Fly-or-Fall-master/Fly-or-Fall-master/Assets
GfxDevice: creating device client; threaded=0
Direct3D:
    Version:  Direct3D 11.0 [level 11.1]
    Renderer: NVIDIA GeForce GTX 970 (ID=0x13c2)
    Vendor:   
    VRAM:     4043 MB
    Driver:   27.21.14.6647
Initialize mono
Mono path[0] = 'C:/Program Files/Unity/Hub/Editor/2020.3.6f1/Editor/Data/Managed'
Mono path[1] = 'C:/Program Files/Unity/Hub/Editor/2020.3.6f1/Editor/Data/MonoBleedingEdge/lib/mono/unityjit'
Mono config path = 'C:/Program Files/Unity/Hub/Editor/2020.3.6f1/Editor/Data/MonoBleedingEdge/etc'
Using monoOptions --debugger-agent=transport=dt_socket,embedding=1,server=y,suspend=n,address=127.0.0.1:56336
Begin MonoManager ReloadAssembly
Registering precompiled unity dll's ...
Register platform support module: C:/Program Files/Unity/Hub/Editor/2020.3.6f1/Editor/Data/PlaybackEngines/WebGLSupport/UnityEditor.WebGL.Extensions.dll
Register platform support module: C:/Program Files/Unity/Hub/Editor/2020.3.6f1/Editor/Data/PlaybackEngines/WindowsStandaloneSupport/UnityEditor.WindowsStandalone.Extensions.dll
Registered in 0.002952 seconds.
Native extension for WindowsStandalone target not found
Native extension for WebGL target not found
Refreshing native plugins compatible for Editor in 50.09 ms, found 1 plugins.
Preloading 0 native plugins for Editor in 0.00 ms.
Mono: successfully reloaded assembly
- Completed reload, in  1.536 seconds
Platform modules already initialized, skipping
Registering precompiled user dll's ...
Registered in 0.001291 seconds.
Begin MonoManager ReloadAssembly
Native extension for WindowsStandalone target not found
Native extension for WebGL target not found
Refreshing native plugins compatible for Editor in 52.65 ms, found 1 plugins.
Preloading 0 native plugins for Editor in 0.00 ms.
Mono: successfully reloaded assembly
- Completed reload, in  1.275 seconds
Platform modules already initialized, skipping
========================================================================
Worker process is ready to serve import requests
Launched and connected shader compiler UnityShaderCompiler.exe after 0.07 seconds
Refreshing native plugins compatible for Editor in 0.59 ms, found 1 plugins.
Preloading 0 native plugins for Editor in 0.00 ms.
Unloading 1845 Unused Serialized files (Serialized files now loaded: 0)
System memory in use before: 93.2 MB.
System memory in use after: 93.3 MB.

Unloading 19 unused Assets to reduce memory usage. Loaded Objects now: 2314.
Total: 2.821500 ms (FindLiveObjects: 0.218100 ms CreateObjectMapping: 0.077700 ms MarkObjects: 2.440400 ms  DeleteObjects: 0.083600 ms)

========================================================================
Received Import Request.
  path: Assets
  artifactKey: Guid(00000000000000001000000000000000) Importer(815301076,1909f56bfc062723c751e8b465ee728b)
Start importing Assets using Guid(00000000000000001000000000000000) Importer(815301076,1909f56bfc062723c751e8b465ee728b)  -> (artifact id: '2c602d4445bd9e0e517b9a7c882a2249') in 0.010752 seconds
  Import took 0.014751 seconds .

========================================================================
Received Import Request.
  Time since last request: 4.103988 seconds.
  path: Assets/Screenshot (38).psd
  artifactKey: Guid(93dff99b6820fca40bd3c51434af4644) Importer(815301076,1909f56bfc062723c751e8b465ee728b)
Start importing Assets/Screenshot (38).psd using Guid(93dff99b6820fca40bd3c51434af4644) Importer(815301076,1909f56bfc062723c751e8b465ee728b)  -> (artifact id: '12e80ab2cdbf8241e0fa7243f19f3f1f') in 0.121744 seconds
  Import took 0.126010 seconds .

========================================================================
Received Import Request.
  Time since last request: 0.017610 seconds.
  path: Assets/Screenshot (38).psd
  artifactKey: Guid(93dff99b6820fca40bd3c51434af4644) Importer(815301076,1909f56bfc062723c751e8b465ee728b)
Start importing Assets/Screenshot (38).psd using Guid(93dff99b6820fca40bd3c51434af4644) Importer(815301076,1909f56bfc062723c751e8b465ee728b)  -> (artifact id: '12e80ab2cdbf8241e0fa7243f19f3f1f') in 0.010825 seconds
  Import took 0.015063 seconds .

========================================================================
Received Import Request.
  Time since last request: 10.548689 seconds.
  path: Assets/Screenshot (38).psd
  artifactKey: Guid(93dff99b6820fca40bd3c51434af4644) Importer(815301076,1909f56bfc062723c751e8b465ee728b)
Start importing Assets/Screenshot (38).psd using Guid(93dff99b6820fca40bd3c51434af4644) Importer(815301076,1909f56bfc062723c751e8b465ee728b)  -> (artifact id: '5ccc4ce1939d431c2706c20cc28f809d') in 0.011286 seconds
  Import took 0.016141 seconds .

========================================================================
Received Import Request.
  Time since last request: 0.047931 seconds.
  path: Assets/Screenshot (38).psd
  artifactKey: Guid(93dff99b6820fca40bd3c51434af4644) Importer(815301076,1909f56bfc062723c751e8b465ee728b)
Start importing Assets/Screenshot (38).psd using Guid(93dff99b6820fca40bd3c51434af4644) Importer(815301076,1909f56bfc062723c751e8b465ee728b)  -> (artifact id: '5ccc4ce1939d431c2706c20cc28f809d') in 0.008570 seconds
  Import took 0.013252 seconds .

========================================================================
Received Import Request.
  Time since last request: 84.020334 seconds.
  path: Assets/Screenshot (40).psd
  artifactKey: Guid(f1611bfda70ecac46be8e0b0715ce5a2) Importer(815301076,1909f56bfc062723c751e8b465ee728b)
Start importing Assets/Screenshot (40).psd using Guid(f1611bfda70ecac46be8e0b0715ce5a2) Importer(815301076,1909f56bfc062723c751e8b465ee728b)  -> (artifact id: '91b2afa2302ebcb5eafb4105ace953af') in 0.017919 seconds
  Import took 0.022305 seconds .

========================================================================
Received Import Request.
  Time since last request: 0.037213 seconds.
  path: Assets/Screenshot (40).psd
  artifactKey: Guid(f1611bfda70ecac46be8e0b0715ce5a2) Importer(815301076,1909f56bfc062723c751e8b465ee728b)
Start importing Assets/Screenshot (40).psd using Guid(f1611bfda70ecac46be8e0b0715ce5a2) Importer(815301076,1909f56bfc062723c751e8b465ee728b)  -> (artifact id: '91b2afa2302ebcb5eafb4105ace953af') in 0.009579 seconds
  Import took 0.014374 seconds .

========================================================================
Received Import Request.
  Time since last request: 64.038727 seconds.
  path: Assets/Screenshot (36).psd
  artifactKey: Guid(4ff362d198f189d42a8feecdf4a2ee0b) Importer(815301076,1909f56bfc062723c751e8b465ee728b)
Start importing Assets/Screenshot (36).psd using Guid(4ff362d198f189d42a8feecdf4a2ee0b) Importer(815301076,1909f56bfc062723c751e8b465ee728b)  -> (artifact id: '8675e4b0886d589224eaf85047378ac4') in 0.019558 seconds
  Import took 0.023682 seconds .

========================================================================
Received Import Request.
  Time since last request: 0.040863 seconds.
  path: Assets/Screenshot (36).psd
  artifactKey: Guid(4ff362d198f189d42a8feecdf4a2ee0b) Importer(815301076,1909f56bfc062723c751e8b465ee728b)
Start importing Assets/Screenshot (36).psd using Guid(4ff362d198f189d42a8feecdf4a2ee0b) Importer(815301076,1909f56bfc062723c751e8b465ee728b)  -> (artifact id: '8675e4b0886d589224eaf85047378ac4') in 0.014265 seconds
  Import took 0.019125 seconds .

========================================================================
Received Import Request.
  Time since last request: 145.488253 seconds.
  path: Assets/Screenshot (36).psd
  artifactKey: Guid(4ff362d198f189d42a8feecdf4a2ee0b) Importer(815301076,1909f56bfc062723c751e8b465ee728b)
Start importing Assets/Screenshot (36).psd using Guid(4ff362d198f189d42a8feecdf4a2ee0b) Importer(815301076,1909f56bfc062723c751e8b465ee728b)  -> (artifact id: '419ee07c6f6f19a59897fabb6cc5f739') in 0.015385 seconds
  Import took 0.019471 seconds .

========================================================================
Received Import Request.
  Time since last request: 0.042349 seconds.
  path: Assets/Screenshot (36).psd
  artifactKey: Guid(4ff362d198f189d42a8feecdf4a2ee0b) Importer(815301076,1909f56bfc062723c751e8b465ee728b)
Start importing Assets/Screenshot (36).psd using Guid(4ff362d198f189d42a8feecdf4a2ee0b) Importer(815301076,1909f56bfc062723c751e8b465ee728b)  -> (artifact id: '419ee07c6f6f19a59897fabb6cc5f739') in 0.017802 seconds
  Import took 0.022989 seconds .

========================================================================
Received Import Request.
  Time since last request: 7.632790 seconds.
  path: Assets/Screenshot (31).psd
  artifactKey: Guid(853a2f2c298368e428c90d0b518b60e8) Importer(815301076,1909f56bfc062723c751e8b465ee728b)
Start importing Assets/Screenshot (31).psd using Guid(853a2f2c298368e428c90d0b518b60e8) Importer(815301076,1909f56bfc062723c751e8b465ee728b)  -> (artifact id: '03943877d034cce97524ff0b21e02351') in 0.020022 seconds
  Import took 0.025162 seconds .

========================================================================
Received Import Request.
  Time since last request: 0.041295 seconds.
  path: Assets/Screenshot (31).psd
  artifactKey: Guid(853a2f2c298368e428c90d0b518b60e8) Importer(815301076,1909f56bfc062723c751e8b465ee728b)
Start importing Assets/Screenshot (31).psd using Guid(853a2f2c298368e428c90d0b518b60e8) Importer(815301076,1909f56bfc062723c751e8b465ee728b)  -> (artifact id: '03943877d034cce97524ff0b21e02351') in 0.010891 seconds
  Import took 0.015705 seconds .

========================================================================
Received Import Request.
  Time since last request: 120.998220 seconds.
  path: Assets/Screenshot (33).psd
  artifactKey: Guid(98b0bae85941bd54ab3c70ee8b1b9cfe) Importer(815301076,1909f56bfc062723c751e8b465ee728b)
Start importing Assets/Screenshot (33).psd using Guid(98b0bae85941bd54ab3c70ee8b1b9cfe) Importer(815301076,1909f56bfc062723c751e8b465ee728b)  -> (artifact id: '47425ff2751e5bdf342a12de1d46f885') in 0.016850 seconds
  Import took 0.020844 seconds .

========================================================================
Received Import Request.
  Time since last request: 0.005785 seconds.
  path: Assets/Screenshot (33).psd
  artifactKey: Guid(98b0bae85941bd54ab3c70ee8b1b9cfe) Importer(815301076,1909f56bfc062723c751e8b465ee728b)
Start importing Assets/Screenshot (33).psd using Guid(98b0bae85941bd54ab3c70ee8b1b9cfe) Importer(815301076,1909f56bfc062723c751e8b465ee728b)  -> (artifact id: '47425ff2751e5bdf342a12de1d46f885') in 0.012180 seconds
  Import took 0.018139 seconds .

========================================================================
Received Prepare
Refreshing native plugins compatible for Editor in 2.27 ms, found 1 plugins.
Preloading 0 native plugins for Editor in 0.00 ms.
Unloading 6 Unused Serialized files (Serialized files now loaded: 0)
System memory in use before: 59.8 MB.
System memory in use after: 59.9 MB.

Unloading 5 unused Assets to reduce memory usage. Loaded Objects now: 2326.
Total: 3.061300 ms (FindLiveObjects: 0.232000 ms CreateObjectMapping: 0.072900 ms MarkObjects: 2.730500 ms  DeleteObjects: 0.024100 ms)

========================================================================
Received Prepare
Registering precompiled user dll's ...
Registered in 0.001308 seconds.
Begin MonoManager ReloadAssembly
Native extension for WindowsStandalone target not found
Native extension for WebGL target not found
Refreshing native plugins compatible for Editor in 0.60 ms, found 1 plugins.
Preloading 0 native plugins for Editor in 0.00 ms.
Mono: successfully reloaded assembly
- Completed reload, in  1.289 seconds
Platform modules already initialized, skipping
Refreshing native plugins compatible for Editor in 0.63 ms, found 1 plugins.
Preloading 0 native plugins for Editor in 0.00 ms.
Unloading 1835 Unused Serialized files (Serialized files now loaded: 0)
System memory in use before: 95.8 MB.
System memory in use after: 95.9 MB.

Unloading 8 unused Assets to reduce memory usage. Loaded Objects now: 2329.
Total: 2.220200 ms (FindLiveObjects: 0.225800 ms CreateObjectMapping: 0.094100 ms MarkObjects: 1.880900 ms  DeleteObjects: 0.017800 ms)

========================================================================
Received Prepare
Refreshing native plugins compatible for Editor in 2.27 ms, found 1 plugins.
Preloading 0 native plugins for Editor in 0.00 ms.
Unloading 6 Unused Serialized files (Serialized files now loaded: 0)
System memory in use before: 59.6 MB.
System memory in use after: 59.8 MB.

Unloading 5 unused Assets to reduce memory usage. Loaded Objects now: 2329.
Total: 2.360300 ms (FindLiveObjects: 0.223700 ms CreateObjectMapping: 0.082900 ms MarkObjects: 2.034500 ms  DeleteObjects: 0.017600 ms)

========================================================================
Received Prepare
Refreshing native plugins compatible for Editor in 2.21 ms, found 1 plugins.
Preloading 0 native plugins for Editor in 0.00 ms.
Unloading 6 Unused Serialized files (Serialized files now loaded: 0)
System memory in use before: 59.6 MB.
System memory in use after: 59.8 MB.

Unloading 5 unused Assets to reduce memory usage. Loaded Objects now: 2329.
Total: 2.220400 ms (FindLiveObjects: 0.242900 ms CreateObjectMapping: 0.105700 ms MarkObjects: 1.847600 ms  DeleteObjects: 0.022900 ms)

========================================================================
Received Prepare
Registering precompiled user dll's ...
Registered in 0.001653 seconds.
Begin MonoManager ReloadAssembly
Native extension for WindowsStandalone target not found
Native extension for WebGL target not found
Refreshing native plugins compatible for Editor in 0.56 ms, found 1 plugins.
Preloading 0 native plugins for Editor in 0.00 ms.
Mono: successfully reloaded assembly
- Completed reload, in  1.128 seconds
Platform modules already initialized, skipping
Refreshing native plugins compatible for Editor in 0.56 ms, found 1 plugins.
Preloading 0 native plugins for Editor in 0.00 ms.
Unloading 1835 Unused Serialized files (Serialized files now loaded: 0)
System memory in use before: 95.8 MB.
System memory in use after: 96.0 MB.

Unloading 8 unused Assets to reduce memory usage. Loaded Objects now: 2332.
Total: 2.508300 ms (FindLiveObjects: 0.466600 ms CreateObjectMapping: 0.094600 ms MarkObjects: 1.928600 ms  DeleteObjects: 0.017000 ms)

========================================================================
Received Prepare
Registering precompiled user dll's ...
Registered in 0.001737 seconds.
Begin MonoManager ReloadAssembly
Native extension for WindowsStandalone target not found
Native extension for WebGL target not found
Refreshing native plugins compatible for Editor in 0.54 ms, found 1 plugins.
Preloading 0 native plugins for Editor in 0.00 ms.
Mono: successfully reloaded assembly
- Completed reload, in  1.134 seconds
Platform modules already initialized, skipping
Refreshing native plugins compatible for Editor in 0.66 ms, found 1 plugins.
Preloading 0 native plugins for Editor in 0.00 ms.
Unloading 1835 Unused Serialized files (Serialized files now loaded: 0)
System memory in use before: 95.9 MB.
System memory in use after: 96.0 MB.

Unloading 8 unused Assets to reduce memory usage. Loaded Objects now: 2335.
Total: 3.420900 ms (FindLiveObjects: 0.376300 ms CreateObjectMapping: 0.131900 ms MarkObjects: 2.882800 ms  DeleteObjects: 0.027300 ms)

========================================================================
Received Prepare
Refreshing native plugins compatible for Editor in 4.08 ms, found 1 plugins.
Preloading 0 native plugins for Editor in 0.00 ms.
Unloading 6 Unused Serialized files (Serialized files now loaded: 0)
System memory in use before: 59.7 MB.
System memory in use after: 59.8 MB.

Unloading 5 unused Assets to reduce memory usage. Loaded Objects now: 2335.
Total: 3.854700 ms (FindLiveObjects: 0.336000 ms CreateObjectMapping: 0.093600 ms MarkObjects: 3.375700 ms  DeleteObjects: 0.046800 ms)

========================================================================
Received Prepare
Registering precompiled user dll's ...
Registered in 0.001300 seconds.
Begin MonoManager ReloadAssembly
Native extension for WindowsStandalone target not found
Native extension for WebGL target not found
Refreshing native plugins compatible for Editor in 0.81 ms, found 1 plugins.
Preloading 0 native plugins for Editor in 0.00 ms.
Mono: successfully reloaded assembly
- Completed reload, in  1.232 seconds
Platform modules already initialized, skipping
Refreshing native plugins compatible for Editor in 0.55 ms, found 1 plugins.
Preloading 0 native plugins for Editor in 0.00 ms.
Unloading 1835 Unused Serialized files (Serialized files now loaded: 0)
System memory in use before: 95.9 MB.
System memory in use after: 96.0 MB.

Unloading 8 unused Assets to reduce memory usage. Loaded Objects now: 2338.
Total: 2.347200 ms (FindLiveObjects: 0.218400 ms CreateObjectMapping: 0.074300 ms MarkObjects: 2.032100 ms  DeleteObjects: 0.021000 ms)

AssetImportWorkerClient::OnTransportError - code=2 error=End of file
